<?xml version="1.0" encoding="UTF-8"?>
<testsuites name="jest tests" tests="26" failures="0" errors="0" time="52.755">
  <testsuite name="Conversations E2E Tests - Comprehensive Test Suite (25 tests)" errors="0" failures="0" skipped="0" timestamp="2025-05-27T23:31:01" time="52.631" tests="26">
    <testcase classname="Conversations E2E Tests - Comprehensive Test Suite (25 tests) Conversation Creation" name="Should create a conversation with valid participants" time="2.371">
    </testcase>
    <testcase classname="Conversations E2E Tests - Comprehensive Test Suite (25 tests) Conversation Creation" name="Should fail to create conversation with insufficient participants" time="0.612">
    </testcase>
    <testcase classname="Conversations E2E Tests - Comprehensive Test Suite (25 tests) Conversation Creation" name="Should fail to create conversation without participants array" time="0.59">
    </testcase>
    <testcase classname="Conversations E2E Tests - Comprehensive Test Suite (25 tests) Conversation Creation" name="Should create group conversation with multiple participants" time="1.253">
    </testcase>
    <testcase classname="Conversations E2E Tests - Comprehensive Test Suite (25 tests) Conversation Retrieval" name="Should get conversation by ID for participant" time="0.881">
    </testcase>
    <testcase classname="Conversations E2E Tests - Comprehensive Test Suite (25 tests) Conversation Retrieval" name="Should fail to get conversation by ID for non-participant" time="1.748">
    </testcase>
    <testcase classname="Conversations E2E Tests - Comprehensive Test Suite (25 tests) Conversation Retrieval" name="Should get conversations for user" time="1.251">
    </testcase>
    <testcase classname="Conversations E2E Tests - Comprehensive Test Suite (25 tests) Conversation Retrieval" name="Should fail to get conversations for other user without permission" time="10.01">
    </testcase>
    <testcase classname="Conversations E2E Tests - Comprehensive Test Suite (25 tests) Conversation Retrieval" name="Should get conversation with invalid ID format" time="0.656">
    </testcase>
    <testcase classname="Conversations E2E Tests - Comprehensive Test Suite (25 tests) Conversation Management" name="Should soft delete conversation for user" time="0.933">
    </testcase>
    <testcase classname="Conversations E2E Tests - Comprehensive Test Suite (25 tests) Conversation Management" name="Should hide conversation for user" time="1.379">
    </testcase>
    <testcase classname="Conversations E2E Tests - Comprehensive Test Suite (25 tests) Conversation Management" name="Should unhide conversation for user" time="0.812">
    </testcase>
    <testcase classname="Conversations E2E Tests - Comprehensive Test Suite (25 tests) Conversation Management" name="Should block conversation (moderator)" time="0.887">
    </testcase>
    <testcase classname="Conversations E2E Tests - Comprehensive Test Suite (25 tests) Conversation Management" name="Should unblock conversation (moderator)" time="0.855">
    </testcase>
    <testcase classname="Conversations E2E Tests - Comprehensive Test Suite (25 tests) Conversation Management" name="Should fail to block conversation as regular user" time="0.578">
    </testcase>
    <testcase classname="Conversations E2E Tests - Comprehensive Test Suite (25 tests) Admin Operations" name="Should permanently delete conversation (admin)" time="1.829">
    </testcase>
    <testcase classname="Conversations E2E Tests - Comprehensive Test Suite (25 tests) Admin Operations" name="Should fail to permanently delete conversation as regular user" time="0.465">
    </testcase>
    <testcase classname="Conversations E2E Tests - Comprehensive Test Suite (25 tests) Admin Operations" name="Should get all conversations (admin)" time="1.125">
    </testcase>
    <testcase classname="Conversations E2E Tests - Comprehensive Test Suite (25 tests) Admin Operations" name="Should fail to get all conversations as regular user" time="0.474">
    </testcase>
    <testcase classname="Conversations E2E Tests - Comprehensive Test Suite (25 tests) Multitenancy &amp; Organization Isolation" name="Should create conversation in specific organization" time="0.991">
    </testcase>
    <testcase classname="Conversations E2E Tests - Comprehensive Test Suite (25 tests) Multitenancy &amp; Organization Isolation" name="Should not access conversation from different organization" time="1.799">
    </testcase>
    <testcase classname="Conversations E2E Tests - Comprehensive Test Suite (25 tests) Multitenancy &amp; Organization Isolation" name="Should filter conversations by organization" time="0.961">
    </testcase>
    <testcase classname="Conversations E2E Tests - Comprehensive Test Suite (25 tests) Multitenancy &amp; Organization Isolation" name="Super admin should access conversations across organizations" time="1.013">
    </testcase>
    <testcase classname="Conversations E2E Tests - Comprehensive Test Suite (25 tests) Error Handling &amp; Edge Cases" name="Should handle non-existent conversation ID" time="0.662">
    </testcase>
    <testcase classname="Conversations E2E Tests - Comprehensive Test Suite (25 tests) Error Handling &amp; Edge Cases" name="Should handle unauthorized access" time="0.01">
    </testcase>
    <testcase classname="Conversations E2E Tests - Comprehensive Test Suite (25 tests) Error Handling &amp; Edge Cases" name="Should handle malformed request data" time="0.603">
    </testcase>
  </testsuite>
</testsuites>