<?xml version="1.0" encoding="UTF-8"?>
<testsuites name="jest tests" tests="20" failures="20" errors="0" time="25.366">
  <testsuite name="Memberships E2E Tests" errors="0" failures="20" skipped="0" timestamp="2025-06-19T13:39:17" time="25.172" tests="20">
    <testcase classname="Memberships E2E Tests Invite User to Organization" name="Admin should invite user to organization successfully" time="0.025">
      <failure>Error: expect(received).toBe(expected) // Object.is equality

Expected: &quot;shelter&quot;
Received: undefined
    at Object.toBe (/Users/daniellovazzano/Documents/Projects/pet-api-firebase/backend/tests/e2e/memberships.e2e.js:50:35)
    at processTicksAndRejections (node:internal/process/task_queues:105:5)</failure>
    </testcase>
    <testcase classname="Memberships E2E Tests Invite User to Organization" name="Should fail to invite same user twice" time="0.006">
      <failure>Error: expect(received).toBe(expected) // Object.is equality

Expected: &quot;shelter&quot;
Received: undefined
    at Object.toBe (/Users/daniellovazzano/Documents/Projects/pet-api-firebase/backend/tests/e2e/memberships.e2e.js:50:35)
    at processTicksAndRejections (node:internal/process/task_queues:105:5)</failure>
    </testcase>
    <testcase classname="Memberships E2E Tests Invite User to Organization" name="Regular user should fail to invite without admin permissions" time="0.006">
      <failure>Error: expect(received).toBe(expected) // Object.is equality

Expected: &quot;shelter&quot;
Received: undefined
    at Object.toBe (/Users/daniellovazzano/Documents/Projects/pet-api-firebase/backend/tests/e2e/memberships.e2e.js:50:35)
    at processTicksAndRejections (node:internal/process/task_queues:105:5)</failure>
    </testcase>
    <testcase classname="Memberships E2E Tests Invite User to Organization" name="Should invite user with different roles" time="0.002">
      <failure>Error: expect(received).toBe(expected) // Object.is equality

Expected: &quot;shelter&quot;
Received: undefined
    at Object.toBe (/Users/daniellovazzano/Documents/Projects/pet-api-firebase/backend/tests/e2e/memberships.e2e.js:50:35)
    at processTicksAndRejections (node:internal/process/task_queues:105:5)</failure>
    </testcase>
    <testcase classname="Memberships E2E Tests Get Memberships" name="Admin should get memberships by organization" time="0.002">
      <failure>Error: expect(received).toBe(expected) // Object.is equality

Expected: &quot;shelter&quot;
Received: undefined
    at Object.toBe (/Users/daniellovazzano/Documents/Projects/pet-api-firebase/backend/tests/e2e/memberships.e2e.js:50:35)
    at processTicksAndRejections (node:internal/process/task_queues:105:5)</failure>
    </testcase>
    <testcase classname="Memberships E2E Tests Get Memberships" name="Admin should get memberships by user" time="0">
      <failure>Error: expect(received).toBe(expected) // Object.is equality

Expected: &quot;shelter&quot;
Received: undefined
    at Object.toBe (/Users/daniellovazzano/Documents/Projects/pet-api-firebase/backend/tests/e2e/memberships.e2e.js:50:35)
    at processTicksAndRejections (node:internal/process/task_queues:105:5)</failure>
    </testcase>
    <testcase classname="Memberships E2E Tests Get Memberships" name="User should get their own memberships" time="0.005">
      <failure>Error: expect(received).toBe(expected) // Object.is equality

Expected: &quot;shelter&quot;
Received: undefined
    at Object.toBe (/Users/daniellovazzano/Documents/Projects/pet-api-firebase/backend/tests/e2e/memberships.e2e.js:50:35)
    at processTicksAndRejections (node:internal/process/task_queues:105:5)</failure>
    </testcase>
    <testcase classname="Memberships E2E Tests Get Memberships" name="Should fail without userId or organizationId" time="0.001">
      <failure>Error: expect(received).toBe(expected) // Object.is equality

Expected: &quot;shelter&quot;
Received: undefined
    at Object.toBe (/Users/daniellovazzano/Documents/Projects/pet-api-firebase/backend/tests/e2e/memberships.e2e.js:50:35)
    at processTicksAndRejections (node:internal/process/task_queues:105:5)</failure>
    </testcase>
    <testcase classname="Memberships E2E Tests Get Memberships" name="Regular user should fail to get other user memberships" time="0.001">
      <failure>Error: expect(received).toBe(expected) // Object.is equality

Expected: &quot;shelter&quot;
Received: undefined
    at Object.toBe (/Users/daniellovazzano/Documents/Projects/pet-api-firebase/backend/tests/e2e/memberships.e2e.js:50:35)
    at processTicksAndRejections (node:internal/process/task_queues:105:5)</failure>
    </testcase>
    <testcase classname="Memberships E2E Tests Get Membership by ID" name="Admin should get membership by ID" time="0.002">
      <failure>Error: expect(received).toBe(expected) // Object.is equality

Expected: &quot;shelter&quot;
Received: undefined
    at Object.toBe (/Users/daniellovazzano/Documents/Projects/pet-api-firebase/backend/tests/e2e/memberships.e2e.js:50:35)
    at processTicksAndRejections (node:internal/process/task_queues:105:5)</failure>
    </testcase>
    <testcase classname="Memberships E2E Tests Get Membership by ID" name="Should fail with invalid membership ID" time="0.002">
      <failure>Error: expect(received).toBe(expected) // Object.is equality

Expected: &quot;shelter&quot;
Received: undefined
    at Object.toBe (/Users/daniellovazzano/Documents/Projects/pet-api-firebase/backend/tests/e2e/memberships.e2e.js:50:35)
    at processTicksAndRejections (node:internal/process/task_queues:105:5)</failure>
    </testcase>
    <testcase classname="Memberships E2E Tests Update Member Role" name="Admin should update member role successfully" time="0.008">
      <failure>Error: expect(received).toBe(expected) // Object.is equality

Expected: &quot;shelter&quot;
Received: undefined
    at Object.toBe (/Users/daniellovazzano/Documents/Projects/pet-api-firebase/backend/tests/e2e/memberships.e2e.js:50:35)
    at processTicksAndRejections (node:internal/process/task_queues:105:5)</failure>
    </testcase>
    <testcase classname="Memberships E2E Tests Update Member Role" name="Should fail with invalid role" time="0.003">
      <failure>Error: expect(received).toBe(expected) // Object.is equality

Expected: &quot;shelter&quot;
Received: undefined
    at Object.toBe (/Users/daniellovazzano/Documents/Projects/pet-api-firebase/backend/tests/e2e/memberships.e2e.js:50:35)
    at processTicksAndRejections (node:internal/process/task_queues:105:5)</failure>
    </testcase>
    <testcase classname="Memberships E2E Tests Update Member Role" name="Regular user should fail to update role without permissions" time="0">
      <failure>Error: expect(received).toBe(expected) // Object.is equality

Expected: &quot;shelter&quot;
Received: undefined
    at Object.toBe (/Users/daniellovazzano/Documents/Projects/pet-api-firebase/backend/tests/e2e/memberships.e2e.js:50:35)
    at processTicksAndRejections (node:internal/process/task_queues:105:5)</failure>
    </testcase>
    <testcase classname="Memberships E2E Tests Remove Member" name="Admin should remove member successfully" time="0.001">
      <failure>Error: expect(received).toBe(expected) // Object.is equality

Expected: &quot;shelter&quot;
Received: undefined
    at Object.toBe (/Users/daniellovazzano/Documents/Projects/pet-api-firebase/backend/tests/e2e/memberships.e2e.js:50:35)
    at processTicksAndRejections (node:internal/process/task_queues:105:5)</failure>
      <failure>AxiosError: Request failed with status code 500
    at settle (/Users/daniellovazzano/Documents/Projects/pet-api-firebase/backend/node_modules/axios/lib/core/settle.js:19:12)
    at IncomingMessage.handleStreamEnd (/Users/daniellovazzano/Documents/Projects/pet-api-firebase/backend/node_modules/axios/lib/adapters/http.js:599:11)
    at IncomingMessage.emit (node:events:519:35)
    at endReadableNT (node:internal/streams/readable:1696:12)
    at processTicksAndRejections (node:internal/process/task_queues:90:21)
    at Axios.request (/Users/daniellovazzano/Documents/Projects/pet-api-firebase/backend/node_modules/axios/lib/core/Axios.js:45:41)
    at processTicksAndRejections (node:internal/process/task_queues:105:5)
    at Proxy.requestWrapper.&lt;computed&gt; (/Users/daniellovazzano/Documents/Projects/pet-api-firebase/backend/tests/e2e/helpers/request.js:59:19)
    at Object.&lt;anonymous&gt; (/Users/daniellovazzano/Documents/Projects/pet-api-firebase/backend/tests/e2e/memberships.e2e.js:421:34)</failure>
    </testcase>
    <testcase classname="Memberships E2E Tests Remove Member" name="Regular user should fail to remove member without permissions" time="0.001">
      <failure>Error: expect(received).toBe(expected) // Object.is equality

Expected: &quot;shelter&quot;
Received: undefined
    at Object.toBe (/Users/daniellovazzano/Documents/Projects/pet-api-firebase/backend/tests/e2e/memberships.e2e.js:50:35)
    at processTicksAndRejections (node:internal/process/task_queues:105:5)</failure>
      <failure>AxiosError: Request failed with status code 500
    at settle (/Users/daniellovazzano/Documents/Projects/pet-api-firebase/backend/node_modules/axios/lib/core/settle.js:19:12)
    at IncomingMessage.handleStreamEnd (/Users/daniellovazzano/Documents/Projects/pet-api-firebase/backend/node_modules/axios/lib/adapters/http.js:599:11)
    at IncomingMessage.emit (node:events:519:35)
    at endReadableNT (node:internal/streams/readable:1696:12)
    at processTicksAndRejections (node:internal/process/task_queues:90:21)
    at Axios.request (/Users/daniellovazzano/Documents/Projects/pet-api-firebase/backend/node_modules/axios/lib/core/Axios.js:45:41)
    at processTicksAndRejections (node:internal/process/task_queues:105:5)
    at Proxy.requestWrapper.&lt;computed&gt; (/Users/daniellovazzano/Documents/Projects/pet-api-firebase/backend/tests/e2e/helpers/request.js:59:19)
    at Object.&lt;anonymous&gt; (/Users/daniellovazzano/Documents/Projects/pet-api-firebase/backend/tests/e2e/memberships.e2e.js:421:34)</failure>
    </testcase>
    <testcase classname="Memberships E2E Tests Self-Leave Organization" name="User should be able to leave organization (remove own membership)" time="0.003">
      <failure>Error: expect(received).toBe(expected) // Object.is equality

Expected: &quot;shelter&quot;
Received: undefined
    at Object.toBe (/Users/daniellovazzano/Documents/Projects/pet-api-firebase/backend/tests/e2e/memberships.e2e.js:50:35)
    at processTicksAndRejections (node:internal/process/task_queues:105:5)</failure>
      <failure>AxiosError: Request failed with status code 500
    at settle (/Users/daniellovazzano/Documents/Projects/pet-api-firebase/backend/node_modules/axios/lib/core/settle.js:19:12)
    at IncomingMessage.handleStreamEnd (/Users/daniellovazzano/Documents/Projects/pet-api-firebase/backend/node_modules/axios/lib/adapters/http.js:599:11)
    at IncomingMessage.emit (node:events:519:35)
    at endReadableNT (node:internal/streams/readable:1696:12)
    at processTicksAndRejections (node:internal/process/task_queues:90:21)
    at Axios.request (/Users/daniellovazzano/Documents/Projects/pet-api-firebase/backend/node_modules/axios/lib/core/Axios.js:45:41)
    at processTicksAndRejections (node:internal/process/task_queues:105:5)
    at Proxy.requestWrapper.&lt;computed&gt; (/Users/daniellovazzano/Documents/Projects/pet-api-firebase/backend/tests/e2e/helpers/request.js:59:19)
    at Object.&lt;anonymous&gt; (/Users/daniellovazzano/Documents/Projects/pet-api-firebase/backend/tests/e2e/memberships.e2e.js:530:34)</failure>
    </testcase>
    <testcase classname="Memberships E2E Tests Cross-Organization Access Validation" name="Organization admin should not access memberships from other organizations" time="0">
      <failure>Error: expect(received).toBe(expected) // Object.is equality

Expected: &quot;shelter&quot;
Received: undefined
    at Object.toBe (/Users/daniellovazzano/Documents/Projects/pet-api-firebase/backend/tests/e2e/memberships.e2e.js:50:35)
    at processTicksAndRejections (node:internal/process/task_queues:105:5)</failure>
    </testcase>
    <testcase classname="Memberships E2E Tests Cross-Organization Access Validation" name="Organization admin should not invite users to other organizations" time="0.001">
      <failure>Error: expect(received).toBe(expected) // Object.is equality

Expected: &quot;shelter&quot;
Received: undefined
    at Object.toBe (/Users/daniellovazzano/Documents/Projects/pet-api-firebase/backend/tests/e2e/memberships.e2e.js:50:35)
    at processTicksAndRejections (node:internal/process/task_queues:105:5)</failure>
    </testcase>
    <testcase classname="Memberships E2E Tests Cross-Organization Access Validation" name="Super admin should access all organizations" time="0.001">
      <failure>Error: expect(received).toBe(expected) // Object.is equality

Expected: &quot;shelter&quot;
Received: undefined
    at Object.toBe (/Users/daniellovazzano/Documents/Projects/pet-api-firebase/backend/tests/e2e/memberships.e2e.js:50:35)
    at processTicksAndRejections (node:internal/process/task_queues:105:5)</failure>
    </testcase>
  </testsuite>
</testsuites>