<?xml version="1.0" encoding="UTF-8"?>
<testsuites name="jest tests" tests="40" failures="0" errors="0" time="170.519">
  <testsuite name="Memberships E2E Tests - User Invitations and Onboarding" errors="0" failures="0" skipped="0" timestamp="2025-06-18T19:22:12" time="86.79" tests="20">
    <testcase classname="Memberships E2E Tests - User Invitations and Onboarding Invite User to Organization" name="Admin should invite user to organization successfully" time="0.778">
    </testcase>
    <testcase classname="Memberships E2E Tests - User Invitations and Onboarding Invite User to Organization" name="Should fail to invite same user twice" time="0.655">
    </testcase>
    <testcase classname="Memberships E2E Tests - User Invitations and Onboarding Invite User to Organization" name="Regular user should fail to invite without admin permissions" time="1.61">
    </testcase>
    <testcase classname="Memberships E2E Tests - User Invitations and Onboarding Invite User to Organization" name="Should invite user with different roles" time="8.897">
    </testcase>
    <testcase classname="Memberships E2E Tests - Membership Retrieval and Access Get Memberships" name="Admin should get memberships by organization" time="0.691">
    </testcase>
    <testcase classname="Memberships E2E Tests - Membership Retrieval and Access Get Memberships" name="Admin should get memberships by user" time="0.585">
    </testcase>
    <testcase classname="Memberships E2E Tests - Membership Retrieval and Access Get Memberships" name="User should get their own memberships" time="0.391">
    </testcase>
    <testcase classname="Memberships E2E Tests - Membership Retrieval and Access Get Memberships" name="Should fail without userId or organizationId" time="0.491">
    </testcase>
    <testcase classname="Memberships E2E Tests - Membership Retrieval and Access Get Memberships" name="Regular user should fail to get other user memberships" time="0.373">
    </testcase>
    <testcase classname="Memberships E2E Tests - Membership Details and Information Get Membership by ID" name="Admin should get membership by ID" time="0.698">
    </testcase>
    <testcase classname="Memberships E2E Tests - Membership Details and Information Get Membership by ID" name="Should fail with invalid membership ID" time="0.542">
    </testcase>
    <testcase classname="Memberships E2E Tests - Role Management and Updates Update Member Role" name="Admin should update member role successfully" time="0.63">
    </testcase>
    <testcase classname="Memberships E2E Tests - Role Management and Updates Update Member Role" name="Should fail with invalid role" time="0.52">
    </testcase>
    <testcase classname="Memberships E2E Tests - Role Management and Updates Update Member Role" name="Regular user should fail to update role without permissions" time="0.587">
    </testcase>
    <testcase classname="Memberships E2E Tests - Member Removal and Self-Leave Remove Member" name="Admin should remove member successfully" time="1.148">
    </testcase>
    <testcase classname="Memberships E2E Tests - Member Removal and Self-Leave Remove Member" name="Regular user should fail to remove member without permissions" time="2.421">
    </testcase>
    <testcase classname="Memberships E2E Tests - Member Removal and Self-Leave Self-Leave Organization" name="User should be able to leave organization (remove own membership)" time="1.077">
    </testcase>
    <testcase classname="Memberships E2E Tests - Cross-Organization Access Control Cross-Organization Access Validation" name="Organization admin should not access memberships from other organizations" time="0.608">
    </testcase>
    <testcase classname="Memberships E2E Tests - Cross-Organization Access Control Cross-Organization Access Validation" name="Organization admin should not invite users to other organizations" time="0.561">
    </testcase>
    <testcase classname="Memberships E2E Tests - Cross-Organization Access Control Cross-Organization Access Validation" name="Super admin should access all organizations" time="1.221">
    </testcase>
  </testsuite>
  <testsuite name="Memberships E2E Tests - Member Removal and Self-Leave" errors="0" failures="0" skipped="0" timestamp="2025-06-18T19:23:39" time="16.812" tests="3">
    <testcase classname="Memberships E2E Tests - Member Removal and Self-Leave Remove Member" name="Admin should remove member successfully" time="1.171">
    </testcase>
    <testcase classname="Memberships E2E Tests - Member Removal and Self-Leave Remove Member" name="Regular user should fail to remove member without permissions" time="2.292">
    </testcase>
    <testcase classname="Memberships E2E Tests - Member Removal and Self-Leave Self-Leave Organization" name="User should be able to leave organization (remove own membership)" time="0.992">
    </testcase>
  </testsuite>
  <testsuite name="Memberships E2E Tests - Role Management and Updates" errors="0" failures="0" skipped="0" timestamp="2025-06-18T19:23:55" time="12.13" tests="3">
    <testcase classname="Memberships E2E Tests - Role Management and Updates Update Member Role" name="Admin should update member role successfully" time="0.538">
    </testcase>
    <testcase classname="Memberships E2E Tests - Role Management and Updates Update Member Role" name="Should fail with invalid role" time="0.496">
    </testcase>
    <testcase classname="Memberships E2E Tests - Role Management and Updates Update Member Role" name="Regular user should fail to update role without permissions" time="0.591">
    </testcase>
  </testsuite>
  <testsuite name="Memberships E2E Tests - User Invitations and Onboarding" errors="0" failures="0" skipped="0" timestamp="2025-06-18T19:24:08" time="26.699" tests="4">
    <testcase classname="Memberships E2E Tests - User Invitations and Onboarding Invite User to Organization" name="Admin should invite user to organization successfully" time="0.76">
    </testcase>
    <testcase classname="Memberships E2E Tests - User Invitations and Onboarding Invite User to Organization" name="Should fail to invite same user twice" time="0.541">
    </testcase>
    <testcase classname="Memberships E2E Tests - User Invitations and Onboarding Invite User to Organization" name="Regular user should fail to invite without admin permissions" time="1.489">
    </testcase>
    <testcase classname="Memberships E2E Tests - User Invitations and Onboarding Invite User to Organization" name="Should invite user with different roles" time="9.935">
    </testcase>
  </testsuite>
  <testsuite name="Memberships E2E Tests - Membership Retrieval and Access" errors="0" failures="0" skipped="0" timestamp="2025-06-18T19:24:34" time="12.764" tests="5">
    <testcase classname="Memberships E2E Tests - Membership Retrieval and Access Get Memberships" name="Admin should get memberships by organization" time="0.594">
    </testcase>
    <testcase classname="Memberships E2E Tests - Membership Retrieval and Access Get Memberships" name="Admin should get memberships by user" time="0.63">
    </testcase>
    <testcase classname="Memberships E2E Tests - Membership Retrieval and Access Get Memberships" name="User should get their own memberships" time="0.397">
    </testcase>
    <testcase classname="Memberships E2E Tests - Membership Retrieval and Access Get Memberships" name="Should fail without userId or organizationId" time="0.515">
    </testcase>
    <testcase classname="Memberships E2E Tests - Membership Retrieval and Access Get Memberships" name="Regular user should fail to get other user memberships" time="0.432">
    </testcase>
  </testsuite>
  <testsuite name="Memberships E2E Tests - Cross-Organization Access Control" errors="0" failures="0" skipped="0" timestamp="2025-06-18T19:24:47" time="8.978" tests="3">
    <testcase classname="Memberships E2E Tests - Cross-Organization Access Control Cross-Organization Access Validation" name="Organization admin should not access memberships from other organizations" time="0.576">
    </testcase>
    <testcase classname="Memberships E2E Tests - Cross-Organization Access Control Cross-Organization Access Validation" name="Organization admin should not invite users to other organizations" time="0.639">
    </testcase>
    <testcase classname="Memberships E2E Tests - Cross-Organization Access Control Cross-Organization Access Validation" name="Super admin should access all organizations" time="1.094">
    </testcase>
  </testsuite>
  <testsuite name="Memberships E2E Tests - Membership Details and Information" errors="0" failures="0" skipped="0" timestamp="2025-06-18T19:24:56" time="6.149" tests="2">
    <testcase classname="Memberships E2E Tests - Membership Details and Information Get Membership by ID" name="Admin should get membership by ID" time="0.611">
    </testcase>
    <testcase classname="Memberships E2E Tests - Membership Details and Information Get Membership by ID" name="Should fail with invalid membership ID" time="0.675">
    </testcase>
  </testsuite>
</testsuites>