<?xml version="1.0" encoding="UTF-8"?>
<testsuites name="jest tests" tests="19" failures="0" errors="0" time="35.755">
  <testsuite name="Pets E2E Tests" errors="0" failures="0" skipped="0" timestamp="2025-05-27T21:39:44" time="35.643" tests="19">
    <testcase classname="Pets E2E Tests Pet Creation" name="Admin should create a pet successfully" time="1.902">
    </testcase>
    <testcase classname="Pets E2E Tests Pet Creation" name="Regular user should create a pet successfully" time="1.201">
    </testcase>
    <testcase classname="Pets E2E Tests Pet Creation" name="Should fail without required fields" time="0.584">
    </testcase>
    <testcase classname="Pets E2E Tests Pet Creation" name="Should fail without organization context" time="1.031">
    </testcase>
    <testcase classname="Pets E2E Tests Pet Retrieval" name="Should get pet by ID" time="0.38">
    </testcase>
    <testcase classname="Pets E2E Tests Pet Retrieval" name="Should list pets for organization" time="0.432">
    </testcase>
    <testcase classname="Pets E2E Tests Pet Retrieval" name="Should filter pets by species" time="0.377">
    </testcase>
    <testcase classname="Pets E2E Tests Pet Retrieval" name="Should filter pets by status" time="0.433">
    </testcase>
    <testcase classname="Pets E2E Tests Pet Retrieval" name="Should fail with invalid pet ID" time="0.325">
    </testcase>
    <testcase classname="Pets E2E Tests Pet Updates" name="Admin should update pet successfully" time="0.733">
    </testcase>
    <testcase classname="Pets E2E Tests Pet Updates" name="Regular user should update pet successfully" time="0.573">
    </testcase>
    <testcase classname="Pets E2E Tests Pet Updates" name="Should fail with invalid pet ID" time="0.257">
    </testcase>
    <testcase classname="Pets E2E Tests Pet Deletion" name="Admin should delete pet successfully" time="2.305">
    </testcase>
    <testcase classname="Pets E2E Tests Pet Deletion" name="Should fail with invalid pet ID" time="1.485">
    </testcase>
    <testcase classname="Pets E2E Tests Multitenancy &amp; Permissions" name="User should only see pets from their organization" time="0.357">
    </testcase>
    <testcase classname="Pets E2E Tests Multitenancy &amp; Permissions" name="User should not access pets from other organizations" time="0.437">
    </testcase>
    <testcase classname="Pets E2E Tests Multitenancy &amp; Permissions" name="User should not update pets from other organizations" time="0.522">
    </testcase>
    <testcase classname="Pets E2E Tests Multitenancy &amp; Permissions" name="User should not delete pets from other organizations" time="0.604">
    </testcase>
    <testcase classname="Pets E2E Tests Multitenancy &amp; Permissions" name="Super admin should access pets from any organization" time="0.596">
    </testcase>
  </testsuite>
</testsuites>