<?xml version="1.0" encoding="UTF-8"?>
<testsuites name="jest tests" tests="34" failures="0" errors="0" time="53.696">
  <testsuite name="Pets E2E Tests - Comprehensive Test Suite (33 tests)" errors="0" failures="0" skipped="0" timestamp="2025-05-27T22:31:12" time="53.567" tests="34">
    <testcase classname="Pets E2E Tests - Comprehensive Test Suite (33 tests) Pet Creation" name="Admin should create a pet successfully" time="2.298">
    </testcase>
    <testcase classname="Pets E2E Tests - Comprehensive Test Suite (33 tests) Pet Creation" name="Regular user should create a pet successfully" time="1.239">
    </testcase>
    <testcase classname="Pets E2E Tests - Comprehensive Test Suite (33 tests) Pet Creation" name="Should fail without required fields" time="0.687">
    </testcase>
    <testcase classname="Pets E2E Tests - Comprehensive Test Suite (33 tests) Pet Creation" name="Should fail without organization context" time="1.3">
    </testcase>
    <testcase classname="Pets E2E Tests - Comprehensive Test Suite (33 tests) Pet Retrieval" name="Should get pet by ID" time="0.452">
    </testcase>
    <testcase classname="Pets E2E Tests - Comprehensive Test Suite (33 tests) Pet Retrieval" name="Should list pets for organization" time="0.584">
    </testcase>
    <testcase classname="Pets E2E Tests - Comprehensive Test Suite (33 tests) Pet Retrieval" name="Should filter pets by species" time="0.38">
    </testcase>
    <testcase classname="Pets E2E Tests - Comprehensive Test Suite (33 tests) Pet Retrieval" name="Should filter pets by status" time="0.382">
    </testcase>
    <testcase classname="Pets E2E Tests - Comprehensive Test Suite (33 tests) Pet Retrieval" name="Should fail with invalid pet ID" time="0.35">
    </testcase>
    <testcase classname="Pets E2E Tests - Comprehensive Test Suite (33 tests) Pet Updates" name="Admin should update pet successfully" time="0.784">
    </testcase>
    <testcase classname="Pets E2E Tests - Comprehensive Test Suite (33 tests) Pet Updates" name="Regular user should update pet successfully" time="0.602">
    </testcase>
    <testcase classname="Pets E2E Tests - Comprehensive Test Suite (33 tests) Pet Updates" name="Should fail with invalid pet ID" time="0.258">
    </testcase>
    <testcase classname="Pets E2E Tests - Comprehensive Test Suite (33 tests) Pet Deletion" name="Admin should delete pet successfully" time="2.464">
    </testcase>
    <testcase classname="Pets E2E Tests - Comprehensive Test Suite (33 tests) Pet Deletion" name="Should fail with invalid pet ID" time="1.787">
    </testcase>
    <testcase classname="Pets E2E Tests - Comprehensive Test Suite (33 tests) Multitenancy &amp; Permissions" name="User should only see pets from their organization" time="0.508">
    </testcase>
    <testcase classname="Pets E2E Tests - Comprehensive Test Suite (33 tests) Multitenancy &amp; Permissions" name="User should not access pets from other organizations" time="0.316">
    </testcase>
    <testcase classname="Pets E2E Tests - Comprehensive Test Suite (33 tests) Multitenancy &amp; Permissions" name="User should not update pets from other organizations" time="0.549">
    </testcase>
    <testcase classname="Pets E2E Tests - Comprehensive Test Suite (33 tests) Multitenancy &amp; Permissions" name="User should not delete pets from other organizations" time="0.613">
    </testcase>
    <testcase classname="Pets E2E Tests - Comprehensive Test Suite (33 tests) Multitenancy &amp; Permissions" name="Super admin should access pets from any organization" time="0.634">
    </testcase>
    <testcase classname="Pets E2E Tests - Comprehensive Test Suite (33 tests) Multitenancy &amp; Permissions" name="Public pet browsing - users can view all available pets without organization context" time="0.355">
    </testcase>
    <testcase classname="Pets E2E Tests - Comprehensive Test Suite (33 tests) Pet Visibility Management" name="Should create pet with default visibility as visible" time="1.32">
    </testcase>
    <testcase classname="Pets E2E Tests - Comprehensive Test Suite (33 tests) Pet Visibility Management" name="Should create pet with explicit visibility setting" time="1.373">
    </testcase>
    <testcase classname="Pets E2E Tests - Comprehensive Test Suite (33 tests) Pet Visibility Management" name="Should hide a pet successfully" time="0.828">
    </testcase>
    <testcase classname="Pets E2E Tests - Comprehensive Test Suite (33 tests) Pet Visibility Management" name="Should show a hidden pet successfully" time="0.76">
    </testcase>
    <testcase classname="Pets E2E Tests - Comprehensive Test Suite (33 tests) Pet Visibility Management" name="Should feature a pet successfully" time="0.723">
    </testcase>
    <testcase classname="Pets E2E Tests - Comprehensive Test Suite (33 tests) Pet Visibility Management" name="Should update pet visibility directly via PUT" time="0.725">
    </testcase>
    <testcase classname="Pets E2E Tests - Comprehensive Test Suite (33 tests) Pet Visibility Management" name="Should fail with invalid visibility value" time="0.603">
    </testcase>
    <testcase classname="Pets E2E Tests - Comprehensive Test Suite (33 tests) Pet Visibility Management" name="Regular user should not access hidden pets in listings" time="1.185">
    </testcase>
    <testcase classname="Pets E2E Tests - Comprehensive Test Suite (33 tests) Pet Visibility Management" name="Admin should see hidden pets in listings" time="0.378">
    </testcase>
    <testcase classname="Pets E2E Tests - Comprehensive Test Suite (33 tests) Pet Visibility Management" name="Should filter pets by visibility" time="1.424">
    </testcase>
    <testcase classname="Pets E2E Tests - Comprehensive Test Suite (33 tests) Pet Visibility Management" name="Should search pets with visibility filtering" time="1.065">
    </testcase>
    <testcase classname="Pets E2E Tests - Comprehensive Test Suite (33 tests) Pet Visibility Management" name="Regular user should not see hidden pets in search results" time="1.054">
    </testcase>
    <testcase classname="Pets E2E Tests - Comprehensive Test Suite (33 tests) Pet Visibility Management" name="Should demonstrate adopted pet with visible status for 7-day showcase" time="1.724">
    </testcase>
    <testcase classname="Pets E2E Tests - Comprehensive Test Suite (33 tests) Pet Visibility Management" name="Should fail visibility actions with invalid pet ID" time="0.369">
    </testcase>
  </testsuite>
</testsuites>