<?xml version="1.0" encoding="UTF-8"?>
<testsuites name="jest tests" tests="18" failures="18" errors="0" time="6.141">
  <testsuite name="Organization Types E2E Tests" errors="0" failures="18" skipped="0" timestamp="2025-06-19T13:11:02" time="5.883" tests="18">
    <testcase classname="Organization Types E2E Tests Get Organization Types" name="Should get all available organization types" time="0.009">
      <failure>TypeError: Cannot read properties of undefined (reading &apos;idToken&apos;)
    at idToken (/Users/daniellovazzano/Documents/Projects/pet-api-firebase/backend/tests/e2e/helpers/auth.js:60:35)
    at processTicksAndRejections (node:internal/process/task_queues:105:5)
    at Object.&lt;anonymous&gt; (/Users/daniellovazzano/Documents/Projects/pet-api-firebase/backend/tests/e2e/organization-types.e2e.js:16:24)</failure>
    </testcase>
    <testcase classname="Organization Types E2E Tests Get Organization Types" name="Regular user should also get organization types" time="0.001">
      <failure>TypeError: Cannot read properties of undefined (reading &apos;idToken&apos;)
    at idToken (/Users/daniellovazzano/Documents/Projects/pet-api-firebase/backend/tests/e2e/helpers/auth.js:60:35)
    at processTicksAndRejections (node:internal/process/task_queues:105:5)
    at Object.&lt;anonymous&gt; (/Users/daniellovazzano/Documents/Projects/pet-api-firebase/backend/tests/e2e/organization-types.e2e.js:16:24)</failure>
    </testcase>
    <testcase classname="Organization Types E2E Tests Get Organization Types" name="Should fail without authentication" time="0.001">
      <failure>TypeError: Cannot read properties of undefined (reading &apos;idToken&apos;)
    at idToken (/Users/daniellovazzano/Documents/Projects/pet-api-firebase/backend/tests/e2e/helpers/auth.js:60:35)
    at processTicksAndRejections (node:internal/process/task_queues:105:5)
    at Object.&lt;anonymous&gt; (/Users/daniellovazzano/Documents/Projects/pet-api-firebase/backend/tests/e2e/organization-types.e2e.js:16:24)</failure>
    </testcase>
    <testcase classname="Organization Types E2E Tests Get Specific Organization Type" name="Should get shelter type information" time="0.002">
      <failure>TypeError: Cannot read properties of undefined (reading &apos;idToken&apos;)
    at idToken (/Users/daniellovazzano/Documents/Projects/pet-api-firebase/backend/tests/e2e/helpers/auth.js:60:35)
    at processTicksAndRejections (node:internal/process/task_queues:105:5)
    at Object.&lt;anonymous&gt; (/Users/daniellovazzano/Documents/Projects/pet-api-firebase/backend/tests/e2e/organization-types.e2e.js:16:24)</failure>
    </testcase>
    <testcase classname="Organization Types E2E Tests Get Specific Organization Type" name="Should fail for invalid organization type" time="0.002">
      <failure>TypeError: Cannot read properties of undefined (reading &apos;idToken&apos;)
    at idToken (/Users/daniellovazzano/Documents/Projects/pet-api-firebase/backend/tests/e2e/helpers/auth.js:60:35)
    at processTicksAndRejections (node:internal/process/task_queues:105:5)
    at Object.&lt;anonymous&gt; (/Users/daniellovazzano/Documents/Projects/pet-api-firebase/backend/tests/e2e/organization-types.e2e.js:16:24)</failure>
    </testcase>
    <testcase classname="Organization Types E2E Tests Get Specific Organization Type" name="Should fail without authentication" time="0.003">
      <failure>TypeError: Cannot read properties of undefined (reading &apos;idToken&apos;)
    at idToken (/Users/daniellovazzano/Documents/Projects/pet-api-firebase/backend/tests/e2e/helpers/auth.js:60:35)
    at processTicksAndRejections (node:internal/process/task_queues:105:5)
    at Object.&lt;anonymous&gt; (/Users/daniellovazzano/Documents/Projects/pet-api-firebase/backend/tests/e2e/organization-types.e2e.js:16:24)</failure>
    </testcase>
    <testcase classname="Organization Types E2E Tests Create Organization with Type" name="Should create shelter organization successfully" time="0.001">
      <failure>TypeError: Cannot read properties of undefined (reading &apos;idToken&apos;)
    at idToken (/Users/daniellovazzano/Documents/Projects/pet-api-firebase/backend/tests/e2e/helpers/auth.js:60:35)
    at processTicksAndRejections (node:internal/process/task_queues:105:5)
    at Object.&lt;anonymous&gt; (/Users/daniellovazzano/Documents/Projects/pet-api-firebase/backend/tests/e2e/organization-types.e2e.js:16:24)</failure>
    </testcase>
    <testcase classname="Organization Types E2E Tests Create Organization with Type" name="Should create organization with default type when not specified" time="0.002">
      <failure>TypeError: Cannot read properties of undefined (reading &apos;idToken&apos;)
    at idToken (/Users/daniellovazzano/Documents/Projects/pet-api-firebase/backend/tests/e2e/helpers/auth.js:60:35)
    at processTicksAndRejections (node:internal/process/task_queues:105:5)
    at Object.&lt;anonymous&gt; (/Users/daniellovazzano/Documents/Projects/pet-api-firebase/backend/tests/e2e/organization-types.e2e.js:16:24)</failure>
    </testcase>
    <testcase classname="Organization Types E2E Tests Create Organization with Type" name="Should fail with invalid organization type" time="0">
      <failure>TypeError: Cannot read properties of undefined (reading &apos;idToken&apos;)
    at idToken (/Users/daniellovazzano/Documents/Projects/pet-api-firebase/backend/tests/e2e/helpers/auth.js:60:35)
    at processTicksAndRejections (node:internal/process/task_queues:105:5)
    at Object.&lt;anonymous&gt; (/Users/daniellovazzano/Documents/Projects/pet-api-firebase/backend/tests/e2e/organization-types.e2e.js:16:24)</failure>
    </testcase>
    <testcase classname="Organization Types E2E Tests Create Organization with Type" name="Should validate required fields for shelter type" time="0.005">
      <failure>TypeError: Cannot read properties of undefined (reading &apos;idToken&apos;)
    at idToken (/Users/daniellovazzano/Documents/Projects/pet-api-firebase/backend/tests/e2e/helpers/auth.js:60:35)
    at processTicksAndRejections (node:internal/process/task_queues:105:5)
    at Object.&lt;anonymous&gt; (/Users/daniellovazzano/Documents/Projects/pet-api-firebase/backend/tests/e2e/organization-types.e2e.js:16:24)</failure>
    </testcase>
    <testcase classname="Organization Types E2E Tests Create Organization with Type" name="Should handle empty string type" time="0.001">
      <failure>TypeError: Cannot read properties of undefined (reading &apos;idToken&apos;)
    at idToken (/Users/daniellovazzano/Documents/Projects/pet-api-firebase/backend/tests/e2e/helpers/auth.js:60:35)
    at processTicksAndRejections (node:internal/process/task_queues:105:5)
    at Object.&lt;anonymous&gt; (/Users/daniellovazzano/Documents/Projects/pet-api-firebase/backend/tests/e2e/organization-types.e2e.js:16:24)</failure>
    </testcase>
    <testcase classname="Organization Types E2E Tests Update Organization Type" name="Should update organization type successfully" time="0.001">
      <failure>TypeError: Cannot read properties of undefined (reading &apos;idToken&apos;)
    at idToken (/Users/daniellovazzano/Documents/Projects/pet-api-firebase/backend/tests/e2e/helpers/auth.js:60:35)
    at processTicksAndRejections (node:internal/process/task_queues:105:5)
    at Object.&lt;anonymous&gt; (/Users/daniellovazzano/Documents/Projects/pet-api-firebase/backend/tests/e2e/organization-types.e2e.js:16:24)</failure>
      <failure>AxiosError: Request failed with status code 401
    at settle (/Users/daniellovazzano/Documents/Projects/pet-api-firebase/backend/node_modules/axios/lib/core/settle.js:19:12)
    at IncomingMessage.handleStreamEnd (/Users/daniellovazzano/Documents/Projects/pet-api-firebase/backend/node_modules/axios/lib/adapters/http.js:599:11)
    at IncomingMessage.emit (node:events:519:35)
    at endReadableNT (node:internal/streams/readable:1696:12)
    at processTicksAndRejections (node:internal/process/task_queues:90:21)
    at Axios.request (/Users/daniellovazzano/Documents/Projects/pet-api-firebase/backend/node_modules/axios/lib/core/Axios.js:45:41)
    at processTicksAndRejections (node:internal/process/task_queues:105:5)
    at Proxy.requestWrapper.&lt;computed&gt; (/Users/daniellovazzano/Documents/Projects/pet-api-firebase/backend/tests/e2e/helpers/request.js:59:19)
    at Object.&lt;anonymous&gt; (/Users/daniellovazzano/Documents/Projects/pet-api-firebase/backend/tests/e2e/organization-types.e2e.js:272:24)</failure>
    </testcase>
    <testcase classname="Organization Types E2E Tests Update Organization Type" name="Should fail when updating to invalid type" time="0">
      <failure>TypeError: Cannot read properties of undefined (reading &apos;idToken&apos;)
    at idToken (/Users/daniellovazzano/Documents/Projects/pet-api-firebase/backend/tests/e2e/helpers/auth.js:60:35)
    at processTicksAndRejections (node:internal/process/task_queues:105:5)
    at Object.&lt;anonymous&gt; (/Users/daniellovazzano/Documents/Projects/pet-api-firebase/backend/tests/e2e/organization-types.e2e.js:16:24)</failure>
      <failure>AxiosError: Request failed with status code 401
    at settle (/Users/daniellovazzano/Documents/Projects/pet-api-firebase/backend/node_modules/axios/lib/core/settle.js:19:12)
    at IncomingMessage.handleStreamEnd (/Users/daniellovazzano/Documents/Projects/pet-api-firebase/backend/node_modules/axios/lib/adapters/http.js:599:11)
    at IncomingMessage.emit (node:events:519:35)
    at endReadableNT (node:internal/streams/readable:1696:12)
    at processTicksAndRejections (node:internal/process/task_queues:90:21)
    at Axios.request (/Users/daniellovazzano/Documents/Projects/pet-api-firebase/backend/node_modules/axios/lib/core/Axios.js:45:41)
    at processTicksAndRejections (node:internal/process/task_queues:105:5)
    at Proxy.requestWrapper.&lt;computed&gt; (/Users/daniellovazzano/Documents/Projects/pet-api-firebase/backend/tests/e2e/helpers/request.js:59:19)
    at Object.&lt;anonymous&gt; (/Users/daniellovazzano/Documents/Projects/pet-api-firebase/backend/tests/e2e/organization-types.e2e.js:272:24)</failure>
    </testcase>
    <testcase classname="Organization Types E2E Tests Filter Organizations by Type" name="Should filter organizations by shelter type" time="0.001">
      <failure>TypeError: Cannot read properties of undefined (reading &apos;idToken&apos;)
    at idToken (/Users/daniellovazzano/Documents/Projects/pet-api-firebase/backend/tests/e2e/helpers/auth.js:60:35)
    at processTicksAndRejections (node:internal/process/task_queues:105:5)
    at Object.&lt;anonymous&gt; (/Users/daniellovazzano/Documents/Projects/pet-api-firebase/backend/tests/e2e/organization-types.e2e.js:16:24)</failure>
      <failure>AxiosError: Request failed with status code 401
    at settle (/Users/daniellovazzano/Documents/Projects/pet-api-firebase/backend/node_modules/axios/lib/core/settle.js:19:12)
    at IncomingMessage.handleStreamEnd (/Users/daniellovazzano/Documents/Projects/pet-api-firebase/backend/node_modules/axios/lib/adapters/http.js:599:11)
    at IncomingMessage.emit (node:events:519:35)
    at endReadableNT (node:internal/streams/readable:1696:12)
    at processTicksAndRejections (node:internal/process/task_queues:90:21)
    at Axios.request (/Users/daniellovazzano/Documents/Projects/pet-api-firebase/backend/node_modules/axios/lib/core/Axios.js:45:41)
    at processTicksAndRejections (node:internal/process/task_queues:105:5)
    at Proxy.requestWrapper.&lt;computed&gt; (/Users/daniellovazzano/Documents/Projects/pet-api-firebase/backend/tests/e2e/helpers/request.js:59:19)
    at Object.&lt;anonymous&gt; (/Users/daniellovazzano/Documents/Projects/pet-api-firebase/backend/tests/e2e/organization-types.e2e.js:334:26)</failure>
    </testcase>
    <testcase classname="Organization Types E2E Tests Filter Organizations by Type" name="Should fail with invalid type filter" time="0">
      <failure>TypeError: Cannot read properties of undefined (reading &apos;idToken&apos;)
    at idToken (/Users/daniellovazzano/Documents/Projects/pet-api-firebase/backend/tests/e2e/helpers/auth.js:60:35)
    at processTicksAndRejections (node:internal/process/task_queues:105:5)
    at Object.&lt;anonymous&gt; (/Users/daniellovazzano/Documents/Projects/pet-api-firebase/backend/tests/e2e/organization-types.e2e.js:16:24)</failure>
      <failure>AxiosError: Request failed with status code 401
    at settle (/Users/daniellovazzano/Documents/Projects/pet-api-firebase/backend/node_modules/axios/lib/core/settle.js:19:12)
    at IncomingMessage.handleStreamEnd (/Users/daniellovazzano/Documents/Projects/pet-api-firebase/backend/node_modules/axios/lib/adapters/http.js:599:11)
    at IncomingMessage.emit (node:events:519:35)
    at endReadableNT (node:internal/streams/readable:1696:12)
    at processTicksAndRejections (node:internal/process/task_queues:90:21)
    at Axios.request (/Users/daniellovazzano/Documents/Projects/pet-api-firebase/backend/node_modules/axios/lib/core/Axios.js:45:41)
    at processTicksAndRejections (node:internal/process/task_queues:105:5)
    at Proxy.requestWrapper.&lt;computed&gt; (/Users/daniellovazzano/Documents/Projects/pet-api-firebase/backend/tests/e2e/helpers/request.js:59:19)
    at Object.&lt;anonymous&gt; (/Users/daniellovazzano/Documents/Projects/pet-api-firebase/backend/tests/e2e/organization-types.e2e.js:334:26)</failure>
    </testcase>
    <testcase classname="Organization Types E2E Tests Filter Organizations by Type" name="Should return all organizations when no type filter is applied" time="0.001">
      <failure>TypeError: Cannot read properties of undefined (reading &apos;idToken&apos;)
    at idToken (/Users/daniellovazzano/Documents/Projects/pet-api-firebase/backend/tests/e2e/helpers/auth.js:60:35)
    at processTicksAndRejections (node:internal/process/task_queues:105:5)
    at Object.&lt;anonymous&gt; (/Users/daniellovazzano/Documents/Projects/pet-api-firebase/backend/tests/e2e/organization-types.e2e.js:16:24)</failure>
      <failure>AxiosError: Request failed with status code 401
    at settle (/Users/daniellovazzano/Documents/Projects/pet-api-firebase/backend/node_modules/axios/lib/core/settle.js:19:12)
    at IncomingMessage.handleStreamEnd (/Users/daniellovazzano/Documents/Projects/pet-api-firebase/backend/node_modules/axios/lib/adapters/http.js:599:11)
    at IncomingMessage.emit (node:events:519:35)
    at endReadableNT (node:internal/streams/readable:1696:12)
    at processTicksAndRejections (node:internal/process/task_queues:90:21)
    at Axios.request (/Users/daniellovazzano/Documents/Projects/pet-api-firebase/backend/node_modules/axios/lib/core/Axios.js:45:41)
    at processTicksAndRejections (node:internal/process/task_queues:105:5)
    at Proxy.requestWrapper.&lt;computed&gt; (/Users/daniellovazzano/Documents/Projects/pet-api-firebase/backend/tests/e2e/helpers/request.js:59:19)
    at Object.&lt;anonymous&gt; (/Users/daniellovazzano/Documents/Projects/pet-api-firebase/backend/tests/e2e/organization-types.e2e.js:334:26)</failure>
    </testcase>
    <testcase classname="Organization Types E2E Tests Organization Type Validation Edge Cases" name="Should handle null type" time="0.001">
      <failure>TypeError: Cannot read properties of undefined (reading &apos;idToken&apos;)
    at idToken (/Users/daniellovazzano/Documents/Projects/pet-api-firebase/backend/tests/e2e/helpers/auth.js:60:35)
    at processTicksAndRejections (node:internal/process/task_queues:105:5)
    at Object.&lt;anonymous&gt; (/Users/daniellovazzano/Documents/Projects/pet-api-firebase/backend/tests/e2e/organization-types.e2e.js:16:24)</failure>
    </testcase>
    <testcase classname="Organization Types E2E Tests Organization Type Validation Edge Cases" name="Should handle case sensitivity" time="0.007">
      <failure>TypeError: Cannot read properties of undefined (reading &apos;idToken&apos;)
    at idToken (/Users/daniellovazzano/Documents/Projects/pet-api-firebase/backend/tests/e2e/helpers/auth.js:60:35)
    at processTicksAndRejections (node:internal/process/task_queues:105:5)
    at Object.&lt;anonymous&gt; (/Users/daniellovazzano/Documents/Projects/pet-api-firebase/backend/tests/e2e/organization-types.e2e.js:16:24)</failure>
    </testcase>
  </testsuite>
</testsuites>