<?xml version="1.0" encoding="UTF-8"?>
<testsuites name="jest tests" tests="4" failures="4" errors="0" time="4.508">
  <testsuite name="Conversations E2E Tests - Conversation Creation and Validation" errors="0" failures="4" skipped="0" timestamp="2025-06-20T13:58:14" time="4.394" tests="4">
    <testcase classname="Conversations E2E Tests - Conversation Creation and Validation Conversation Creation" name="Should create a conversation with valid participants" time="0.002">
      <failure>AxiosError: Request failed with status code 400
    at settle (/Users/daniellovazzano/Documents/Projects/pet-api-firebase/backend/node_modules/axios/lib/core/settle.js:19:12)
    at IncomingMessage.handleStreamEnd (/Users/daniellovazzano/Documents/Projects/pet-api-firebase/backend/node_modules/axios/lib/adapters/http.js:599:11)
    at IncomingMessage.emit (node:events:519:35)
    at endReadableNT (node:internal/streams/readable:1696:12)
    at processTicksAndRejections (node:internal/process/task_queues:90:21)
    at Axios.request (/Users/daniellovazzano/Documents/Projects/pet-api-firebase/backend/node_modules/axios/lib/core/Axios.js:45:41)
    at processTicksAndRejections (node:internal/process/task_queues:105:5)
    at Object.&lt;anonymous&gt; (/Users/daniellovazzano/Documents/Projects/pet-api-firebase/backend/tests/e2e/conversations/conversation-creation.e2e.js:73:27)</failure>
    </testcase>
    <testcase classname="Conversations E2E Tests - Conversation Creation and Validation Conversation Creation" name="Should fail to create conversation with insufficient participants" time="0.001">
      <failure>AxiosError: Request failed with status code 400
    at settle (/Users/daniellovazzano/Documents/Projects/pet-api-firebase/backend/node_modules/axios/lib/core/settle.js:19:12)
    at IncomingMessage.handleStreamEnd (/Users/daniellovazzano/Documents/Projects/pet-api-firebase/backend/node_modules/axios/lib/adapters/http.js:599:11)
    at IncomingMessage.emit (node:events:519:35)
    at endReadableNT (node:internal/streams/readable:1696:12)
    at processTicksAndRejections (node:internal/process/task_queues:90:21)
    at Axios.request (/Users/daniellovazzano/Documents/Projects/pet-api-firebase/backend/node_modules/axios/lib/core/Axios.js:45:41)
    at processTicksAndRejections (node:internal/process/task_queues:105:5)
    at Object.&lt;anonymous&gt; (/Users/daniellovazzano/Documents/Projects/pet-api-firebase/backend/tests/e2e/conversations/conversation-creation.e2e.js:73:27)</failure>
    </testcase>
    <testcase classname="Conversations E2E Tests - Conversation Creation and Validation Conversation Creation" name="Should fail to create conversation without participants array" time="0">
      <failure>AxiosError: Request failed with status code 400
    at settle (/Users/daniellovazzano/Documents/Projects/pet-api-firebase/backend/node_modules/axios/lib/core/settle.js:19:12)
    at IncomingMessage.handleStreamEnd (/Users/daniellovazzano/Documents/Projects/pet-api-firebase/backend/node_modules/axios/lib/adapters/http.js:599:11)
    at IncomingMessage.emit (node:events:519:35)
    at endReadableNT (node:internal/streams/readable:1696:12)
    at processTicksAndRejections (node:internal/process/task_queues:90:21)
    at Axios.request (/Users/daniellovazzano/Documents/Projects/pet-api-firebase/backend/node_modules/axios/lib/core/Axios.js:45:41)
    at processTicksAndRejections (node:internal/process/task_queues:105:5)
    at Object.&lt;anonymous&gt; (/Users/daniellovazzano/Documents/Projects/pet-api-firebase/backend/tests/e2e/conversations/conversation-creation.e2e.js:73:27)</failure>
    </testcase>
    <testcase classname="Conversations E2E Tests - Conversation Creation and Validation Conversation Creation" name="Should create group conversation with multiple participants" time="0">
      <failure>AxiosError: Request failed with status code 400
    at settle (/Users/daniellovazzano/Documents/Projects/pet-api-firebase/backend/node_modules/axios/lib/core/settle.js:19:12)
    at IncomingMessage.handleStreamEnd (/Users/daniellovazzano/Documents/Projects/pet-api-firebase/backend/node_modules/axios/lib/adapters/http.js:599:11)
    at IncomingMessage.emit (node:events:519:35)
    at endReadableNT (node:internal/streams/readable:1696:12)
    at processTicksAndRejections (node:internal/process/task_queues:90:21)
    at Axios.request (/Users/daniellovazzano/Documents/Projects/pet-api-firebase/backend/node_modules/axios/lib/core/Axios.js:45:41)
    at processTicksAndRejections (node:internal/process/task_queues:105:5)
    at Object.&lt;anonymous&gt; (/Users/daniellovazzano/Documents/Projects/pet-api-firebase/backend/tests/e2e/conversations/conversation-creation.e2e.js:73:27)</failure>
    </testcase>
  </testsuite>
</testsuites>